<?xml version="1.0" encoding="UTF-8"?>
<testng-results ignored="0" total="8" passed="8" failed="0" skipped="0">
  <reporter-output>
  </reporter-output>
  <suite started-at="2021-03-28T15:59:32 IST" name="Shopping Website Flipkart Automation" finished-at="2021-03-28T16:03:03 IST" duration-ms="211542">
    <groups>
    </groups>
    <test started-at="2021-03-28T15:59:32 IST" name="Test" finished-at="2021-03-28T16:03:03 IST" duration-ms="211542">
      <class name="com.jitu.testpack.PdfHandlingTest">
        <test-method signature="verifyContentInPDf()[pri:0, instance:com.jitu.testpack.PdfHandlingTest@7c455e96]" started-at="2021-03-28T15:59:33 IST" name="verifyContentInPDf" finished-at="2021-03-28T15:59:43 IST" duration-ms="9326" status="PASS">
          <reporter-output>
          </reporter-output>
        </test-method> <!-- verifyContentInPDf -->
        <test-method is-config="true" signature="tearDown()[pri:0, instance:com.jitu.testpack.PdfHandlingTest@7c455e96]" started-at="2021-03-28T15:59:43 IST" name="tearDown" finished-at="2021-03-28T15:59:44 IST" duration-ms="1001" status="PASS">
          <reporter-output>
          </reporter-output>
        </test-method> <!-- tearDown -->
      </class> <!-- com.jitu.testpack.PdfHandlingTest -->
      <class name="com.jitu.testpack.MySqlConTest">
        <test-method signature="retrieveData()[pri:0, instance:com.jitu.testpack.MySqlConTest@3c7cfcbb]" started-at="2021-03-28T15:59:32 IST" name="retrieveData" finished-at="2021-03-28T15:59:33 IST" duration-ms="1534" status="PASS">
          <reporter-output>
          </reporter-output>
        </test-method> <!-- retrieveData -->
      </class> <!-- com.jitu.testpack.MySqlConTest -->
      <class name="com.jitu.testpack.SignUpTest">
        <test-method signature="signUpTest(java.util.Hashtable)[pri:0, instance:com.jitu.testpack.SignUpTest@29852487]" started-at="2021-03-28T16:00:45 IST" name="signUpTest" data-provider="dp" finished-at="2021-03-28T16:01:18 IST" duration-ms="33384" status="PASS">
          <params>
            <param index="0">
              <value>
                <![CDATA[{runmode=Y, username=9.73209732E9}]]>
              </value>
            </param>
          </params>
          <reporter-output>
          </reporter-output>
        </test-method> <!-- signUpTest -->
        <test-method is-config="true" signature="end()[pri:0, instance:com.jitu.testpack.SignUpTest@29852487]" started-at="2021-03-28T16:01:18 IST" name="end" finished-at="2021-03-28T16:01:19 IST" duration-ms="857" status="PASS">
          <reporter-output>
          </reporter-output>
        </test-method> <!-- end -->
        <test-method signature="signUpTest(java.util.Hashtable)[pri:0, instance:com.jitu.testpack.SignUpTest@29852487]" started-at="2021-03-28T16:01:19 IST" name="signUpTest" data-provider="dp" finished-at="2021-03-28T16:01:52 IST" duration-ms="33083" status="PASS">
          <params>
            <param index="0">
              <value>
                <![CDATA[{runmode=Y, username=9732197321jello@jel.com}]]>
              </value>
            </param>
          </params>
          <reporter-output>
          </reporter-output>
        </test-method> <!-- signUpTest -->
        <test-method is-config="true" signature="end()[pri:0, instance:com.jitu.testpack.SignUpTest@29852487]" started-at="2021-03-28T16:01:52 IST" name="end" finished-at="2021-03-28T16:01:53 IST" duration-ms="849" status="PASS">
          <reporter-output>
          </reporter-output>
        </test-method> <!-- end -->
      </class> <!-- com.jitu.testpack.SignUpTest -->
      <class name="com.jitu.testpack.SearchProductTest">
        <test-method signature="searchProductTest(java.util.Hashtable)[pri:0, instance:com.jitu.testpack.SearchProductTest@771db12c]" started-at="2021-03-28T16:01:53 IST" name="searchProductTest" data-provider="dp" finished-at="2021-03-28T16:02:26 IST" duration-ms="33482" status="PASS">
          <params>
            <param index="0">
              <value>
                <![CDATA[{password=jR@1372jitu, productName=Realme Narzo 20A (Glory Silver, 64 GB)  (4 GB RAM), runmode=Y, username=9966671896, =}]]>
              </value>
            </param>
          </params>
          <reporter-output>
          </reporter-output>
        </test-method> <!-- searchProductTest -->
        <test-method is-config="true" signature="end()[pri:0, instance:com.jitu.testpack.SearchProductTest@771db12c]" started-at="2021-03-28T16:02:26 IST" name="end" finished-at="2021-03-28T16:02:27 IST" duration-ms="813" status="PASS">
          <reporter-output>
          </reporter-output>
        </test-method> <!-- end -->
        <test-method signature="searchProductTest(java.util.Hashtable)[pri:0, instance:com.jitu.testpack.SearchProductTest@771db12c]" started-at="2021-03-28T16:02:27 IST" name="searchProductTest" data-provider="dp" finished-at="2021-03-28T16:03:02 IST" duration-ms="35200" status="PASS">
          <params>
            <param index="0">
              <value>
                <![CDATA[{password=jR@1372jitu, productName=Realme Narzo 20A (Glory Silver, 64 GB)  (4 GB RAM), runmode=Y, username=9966671896, =}]]>
              </value>
            </param>
          </params>
          <reporter-output>
          </reporter-output>
        </test-method> <!-- searchProductTest -->
        <test-method is-config="true" signature="end()[pri:0, instance:com.jitu.testpack.SearchProductTest@771db12c]" started-at="2021-03-28T16:03:02 IST" name="end" finished-at="2021-03-28T16:03:03 IST" duration-ms="784" status="PASS">
          <reporter-output>
          </reporter-output>
        </test-method> <!-- end -->
      </class> <!-- com.jitu.testpack.SearchProductTest -->
      <class name="com.jitu.testpack.SignInTest">
        <test-method signature="signInTest(java.util.Hashtable)[pri:0, instance:com.jitu.testpack.SignInTest@25a73de1]" started-at="2021-03-28T15:59:44 IST" name="signInTest" data-provider="dp" finished-at="2021-03-28T16:00:13 IST" duration-ms="29477" status="PASS">
          <params>
            <param index="0">
              <value>
                <![CDATA[{password=Selenium@123, runmode=Y, username=trainer@way2automation.com}]]>
              </value>
            </param>
          </params>
          <reporter-output>
          </reporter-output>
        </test-method> <!-- signInTest -->
        <test-method is-config="true" signature="end()[pri:0, instance:com.jitu.testpack.SignInTest@25a73de1]" started-at="2021-03-28T16:00:13 IST" name="end" finished-at="2021-03-28T16:00:14 IST" duration-ms="872" status="PASS">
          <reporter-output>
          </reporter-output>
        </test-method> <!-- end -->
        <test-method signature="signInTest(java.util.Hashtable)[pri:0, instance:com.jitu.testpack.SignInTest@25a73de1]" started-at="2021-03-28T16:00:14 IST" name="signInTest" data-provider="dp" finished-at="2021-03-28T16:00:44 IST" duration-ms="29883" status="PASS">
          <params>
            <param index="0">
              <value>
                <![CDATA[{password=Selenium@123, runmode=Y, username=java@way2automation.com}]]>
              </value>
            </param>
          </params>
          <reporter-output>
          </reporter-output>
        </test-method> <!-- signInTest -->
        <test-method is-config="true" signature="end()[pri:0, instance:com.jitu.testpack.SignInTest@25a73de1]" started-at="2021-03-28T16:00:44 IST" name="end" finished-at="2021-03-28T16:00:45 IST" duration-ms="736" status="PASS">
          <reporter-output>
          </reporter-output>
        </test-method> <!-- end -->
      </class> <!-- com.jitu.testpack.SignInTest -->
    </test> <!-- Test -->
  </suite> <!-- Shopping Website Flipkart Automation -->
</testng-results>
