<?xml version="1.0" encoding="UTF-8"?>
<!-- Generated by org.testng.reporters.JUnitXMLReporter -->
<testsuite ignored="0" hostname="DESKTOP-6TLIKBL" failures="0" tests="8" name="Test" time="211.542" errors="0" timestamp="2021-03-28T16:03:04 IST">
  <testcase classname="com.jitu.testpack.MySqlConTest" name="retrieveData" time="1.534"/>
  <testcase classname="com.jitu.testpack.PdfHandlingTest" name="verifyContentInPDf" time="9.326"/>
  <testcase classname="com.jitu.testpack.SignInTest" name="signInTest" time="29.477"/>
  <testcase classname="com.jitu.testpack.SignInTest" name="signInTest" time="29.883"/>
  <testcase classname="com.jitu.testpack.SignUpTest" name="signUpTest" time="33.384"/>
  <testcase classname="com.jitu.testpack.SignUpTest" name="signUpTest" time="33.083"/>
  <testcase classname="com.jitu.testpack.SearchProductTest" name="searchProductTest" time="33.482"/>
  <testcase classname="com.jitu.testpack.SearchProductTest" name="searchProductTest" time="35.2"/>
</testsuite> <!-- Test -->
